<?xml version="1.0" encoding="UTF-8"?>
<!-- Generated by org.testng.reporters.JUnitXMLReporter -->
<testsuite ignored="0" hostname="MuharremUstun" failures="1" tests="12" name="Project17" time="46.47" errors="0" timestamp="07 Feb 2021 20:42:21 GMT">
  <testcase classname="Project17.solutionByTurkana.Proje17" name="login" time="12.424"/>
  <testcase classname="Project17.solutionByTurkana.Proje17" name="navigate" time="11.408"/>
  <testcase classname="Project17.solutionByTurkana.Proje17" name="test1_creating" time="5.112"/>
  <testcase classname="Project17.solutionByTurkana.Proje17" name="test1_creating" time="4.479"/>
  <testcase classname="Project17.solutionByTurkana.Proje17" name="test1_creating" time="4.385"/>
  <testcase classname="Project17.solutionByTurkana.Proje17" name="test1_creating" time="4.472"/>
  <testcase classname="Project17.solutionByTurkana.Proje17" name="test2_deleting" time="0.81"/>
  <testcase classname="Project17.solutionByTurkana.Proje17" name="test2_deleting" time="1.481"/>
  <testcase classname="Project17.solutionByTurkana.Proje17" name="test2_deleting" time="0.848"/>
  <testcase classname="Project17.solutionByTurkana.Proje17" name="test2_deleting" time="0.163">
    <failure type="org.openqa.selenium.StaleElementReferenceException" message="stale element reference: element is not attached to the page document
  (Session info: chrome=88.0.4324.150)
For documentation on this error, please visit: https://www.seleniumhq.org/exceptions/stale_element_reference.html
Build info: version: &amp;apos;3.141.59&amp;apos;, revision: &amp;apos;e82be7d358&amp;apos;, time: &amp;apos;2018-11-14T08:17:03&amp;apos;
System info: host: &amp;apos;MUHARREMUSTUN&amp;apos;, ip: &amp;apos;192.168.1.10&amp;apos;, os.name: &amp;apos;Windows 7&amp;apos;, os.arch: &amp;apos;amd64&amp;apos;, os.version: &amp;apos;6.1&amp;apos;, java.version: &amp;apos;11.0.9.1&amp;apos;
Driver info: org.openqa.selenium.chrome.ChromeDriver
Capabilities {acceptInsecureCerts: false, browserName: chrome, browserVersion: 88.0.4324.150, chrome: {chromedriverVersion: 88.0.4324.96 (68dba2d8a0b14..., userDataDir: C:\Users\MUHARR~1\AppData\L...}, goog:chromeOptions: {debuggerAddress: localhost:62612}, javascriptEnabled: true, networkConnectionEnabled: false, pageLoadStrategy: normal, platform: WINDOWS, platformName: WINDOWS, proxy: Proxy(), setWindowRect: true, strictFileInteractability: false, timeouts: {implicit: 0, pageLoad: 300000, script: 30000}, unhandledPromptBehavior: dismiss and notify, webauthn:extension:largeBlob: true, webauthn:virtualAuthenticators: true}
Session ID: 184c100c395ac94331cb0d4811b99718">
      <![CDATA[org.openqa.selenium.StaleElementReferenceException: stale element reference: element is not attached to the page document
  (Session info: chrome=88.0.4324.150)
For documentation on this error, please visit: https://www.seleniumhq.org/exceptions/stale_element_reference.html
Build info: version: '3.141.59', revision: 'e82be7d358', time: '2018-11-14T08:17:03'
System info: host: 'MUHARREMUSTUN', ip: '192.168.1.10', os.name: 'Windows 7', os.arch: 'amd64', os.version: '6.1', java.version: '11.0.9.1'
Driver info: org.openqa.selenium.chrome.ChromeDriver
Capabilities {acceptInsecureCerts: false, browserName: chrome, browserVersion: 88.0.4324.150, chrome: {chromedriverVersion: 88.0.4324.96 (68dba2d8a0b14..., userDataDir: C:\Users\MUHARR~1\AppData\L...}, goog:chromeOptions: {debuggerAddress: localhost:62612}, javascriptEnabled: true, networkConnectionEnabled: false, pageLoadStrategy: normal, platform: WINDOWS, platformName: WINDOWS, proxy: Proxy(), setWindowRect: true, strictFileInteractability: false, timeouts: {implicit: 0, pageLoad: 300000, script: 30000}, unhandledPromptBehavior: dismiss and notify, webauthn:extension:largeBlob: true, webauthn:virtualAuthenticators: true}
Session ID: 184c100c395ac94331cb0d4811b99718
at org.openqa.selenium.remote.http.W3CHttpResponseCodec.createException(W3CHttpResponseCodec.java:187)
at org.openqa.selenium.remote.http.W3CHttpResponseCodec.decode(W3CHttpResponseCodec.java:122)
at org.openqa.selenium.remote.http.W3CHttpResponseCodec.decode(W3CHttpResponseCodec.java:49)
at org.openqa.selenium.remote.HttpCommandExecutor.execute(HttpCommandExecutor.java:158)
at org.openqa.selenium.remote.service.DriverCommandExecutor.execute(DriverCommandExecutor.java:83)
at org.openqa.selenium.remote.RemoteWebDriver.execute(RemoteWebDriver.java:552)
at org.openqa.selenium.remote.RemoteWebElement.execute(RemoteWebElement.java:285)
at org.openqa.selenium.remote.RemoteWebElement.getText(RemoteWebElement.java:166)
at Project17.solutionByTurkana.Proje17.test2_deleting(Proje17.java:177)
at com.intellij.rt.testng.IDEARemoteTestNG.run(IDEARemoteTestNG.java:66)
at com.intellij.rt.testng.RemoteTestNGStarter.main(RemoteTestNGStarter.java:109)
... Removed 26 stack frames]]>
    </failure>
  </testcase> <!-- test2_deleting -->
  <testcase classname="Project17.solutionByTurkana.Proje17" name="test3_missingdata" time="0.0">
    <skipped/>
  </testcase> <!-- test3_missingdata -->
  <testcase classname="Project17.solutionByTurkana.Proje17" name="test4_creatingWithRandomChar" time="0.0">
    <skipped/>
  </testcase> <!-- test4_creatingWithRandomChar -->
</testsuite> <!-- Project17 -->
